Exception in thread "main" java.lang.OutOfMemoryError: Java heap space
	at com.hstairs.ppmajal.problem.PDDLState.clone(PDDLState.java:113)
	at com.hstairs.ppmajal.problem.PDDLState.clone(PDDLState.java:36)
	at com.hstairs.ppmajal.problem.PDDLProblem$stateIterator.hasNext(PDDLProblem.java:1456)
	at com.hstairs.ppmajal.search.SearchEngine.WAStar(SearchEngine.java:555)
	at com.hstairs.ppmajal.search.SearchEngine.WAStar(SearchEngine.java:596)
	at com.hstairs.ppmajal.search.SearchEngine.WAStar(SearchEngine.java:592)
	at com.hstairs.ppmajal.search.SearchEngine.gbfs(SearchEngine.java:628)
	at planners.ENHSP.search(ENHSP.java:540)
	at planners.ENHSP.planning(ENHSP.java:179)
	at main.main(main.java:31)
Exception in thread "main" java.lang.OutOfMemoryError: Java heap space
	at it.unimi.dsi.fastutil.objects.Object2FloatLinkedOpenHashMap.rehash(Object2FloatLinkedOpenHashMap.java:1799)
	at it.unimi.dsi.fastutil.objects.Object2FloatLinkedOpenHashMap.insert(Object2FloatLinkedOpenHashMap.java:337)
	at it.unimi.dsi.fastutil.objects.Object2FloatLinkedOpenHashMap.put(Object2FloatLinkedOpenHashMap.java:345)
	at com.hstairs.ppmajal.search.SearchEngine.setGValue(SearchEngine.java:142)
	at com.hstairs.ppmajal.search.SearchEngine.queueSuccessor(SearchEngine.java:128)
	at com.hstairs.ppmajal.search.SearchEngine.WAStar(SearchEngine.java:567)
	at com.hstairs.ppmajal.search.SearchEngine.WAStar(SearchEngine.java:596)
	at com.hstairs.ppmajal.search.SearchEngine.WAStar(SearchEngine.java:592)
	at com.hstairs.ppmajal.search.SearchEngine.gbfs(SearchEngine.java:628)
	at planners.ENHSP.search(ENHSP.java:540)
	at planners.ENHSP.planning(ENHSP.java:179)
	at main.main(main.java:31)
Exception in thread "main" java.lang.OutOfMemoryError: Java heap space
	at java.base/java.util.BitSet.clone(BitSet.java:1103)
	at com.hstairs.ppmajal.problem.PDDLState.<init>(PDDLState.java:47)
	at com.hstairs.ppmajal.problem.PDDLState.clone(PDDLState.java:113)
	at com.hstairs.ppmajal.problem.PDDLState.clone(PDDLState.java:36)
	at com.hstairs.ppmajal.problem.PDDLProblem$stateIterator.hasNext(PDDLProblem.java:1456)
	at com.hstairs.ppmajal.search.SearchEngine.WAStar(SearchEngine.java:555)
	at com.hstairs.ppmajal.search.SearchEngine.WAStar(SearchEngine.java:596)
	at com.hstairs.ppmajal.search.SearchEngine.WAStar(SearchEngine.java:592)
	at com.hstairs.ppmajal.search.SearchEngine.gbfs(SearchEngine.java:628)
	at planners.ENHSP.search(ENHSP.java:540)
	at planners.ENHSP.planning(ENHSP.java:179)
	at main.main(main.java:31)
Exception in thread "main" java.lang.OutOfMemoryError: Java heap space
	at com.hstairs.ppmajal.problem.PDDLState.clone(PDDLState.java:113)
	at com.hstairs.ppmajal.problem.PDDLState.clone(PDDLState.java:36)
	at com.hstairs.ppmajal.problem.PDDLProblem$stateIterator.hasNext(PDDLProblem.java:1456)
	at com.hstairs.ppmajal.search.SearchEngine.WAStar(SearchEngine.java:555)
	at com.hstairs.ppmajal.search.SearchEngine.WAStar(SearchEngine.java:596)
	at com.hstairs.ppmajal.search.SearchEngine.WAStar(SearchEngine.java:592)
	at com.hstairs.ppmajal.search.SearchEngine.gbfs(SearchEngine.java:628)
	at planners.ENHSP.search(ENHSP.java:540)
	at planners.ENHSP.planning(ENHSP.java:179)
	at main.main(main.java:31)
Exception in thread "main" java.lang.OutOfMemoryError: Java heap space
	at com.carrotsearch.hppc.DoubleArrayList.clone(DoubleArrayList.java:434)
	at com.hstairs.ppmajal.problem.PDDLState.<init>(PDDLState.java:46)
	at com.hstairs.ppmajal.problem.PDDLState.clone(PDDLState.java:113)
	at com.hstairs.ppmajal.problem.PDDLState.clone(PDDLState.java:36)
	at com.hstairs.ppmajal.problem.PDDLProblem$stateIterator.hasNext(PDDLProblem.java:1456)
	at com.hstairs.ppmajal.search.SearchEngine.WAStar(SearchEngine.java:555)
	at com.hstairs.ppmajal.search.SearchEngine.WAStar(SearchEngine.java:596)
	at com.hstairs.ppmajal.search.SearchEngine.WAStar(SearchEngine.java:592)
	at com.hstairs.ppmajal.search.SearchEngine.gbfs(SearchEngine.java:628)
	at planners.ENHSP.search(ENHSP.java:540)
	at planners.ENHSP.planning(ENHSP.java:179)
	at main.main(main.java:31)
Exception in thread "main" java.lang.OutOfMemoryError: Java heap space
	at it.unimi.dsi.fastutil.objects.Object2FloatLinkedOpenHashMap.rehash(Object2FloatLinkedOpenHashMap.java:1799)
	at it.unimi.dsi.fastutil.objects.Object2FloatLinkedOpenHashMap.insert(Object2FloatLinkedOpenHashMap.java:337)
	at it.unimi.dsi.fastutil.objects.Object2FloatLinkedOpenHashMap.put(Object2FloatLinkedOpenHashMap.java:345)
	at com.hstairs.ppmajal.search.SearchEngine.setGValue(SearchEngine.java:142)
	at com.hstairs.ppmajal.search.SearchEngine.queueSuccessor(SearchEngine.java:128)
	at com.hstairs.ppmajal.search.SearchEngine.WAStar(SearchEngine.java:567)
	at com.hstairs.ppmajal.search.SearchEngine.WAStar(SearchEngine.java:596)
	at com.hstairs.ppmajal.search.SearchEngine.WAStar(SearchEngine.java:592)
	at com.hstairs.ppmajal.search.SearchEngine.gbfs(SearchEngine.java:628)
	at planners.ENHSP.search(ENHSP.java:540)
	at planners.ENHSP.planning(ENHSP.java:179)
	at main.main(main.java:31)
Exception in thread "main" java.lang.OutOfMemoryError: Java heap space
	at it.unimi.dsi.fastutil.objects.Object2FloatLinkedOpenHashMap.rehash(Object2FloatLinkedOpenHashMap.java:1799)
	at it.unimi.dsi.fastutil.objects.Object2FloatLinkedOpenHashMap.insert(Object2FloatLinkedOpenHashMap.java:337)
	at it.unimi.dsi.fastutil.objects.Object2FloatLinkedOpenHashMap.put(Object2FloatLinkedOpenHashMap.java:345)
	at com.hstairs.ppmajal.search.SearchEngine.setGValue(SearchEngine.java:142)
	at com.hstairs.ppmajal.search.SearchEngine.queueSuccessor(SearchEngine.java:128)
	at com.hstairs.ppmajal.search.SearchEngine.WAStar(SearchEngine.java:567)
	at com.hstairs.ppmajal.search.SearchEngine.WAStar(SearchEngine.java:596)
	at com.hstairs.ppmajal.search.SearchEngine.WAStar(SearchEngine.java:592)
	at com.hstairs.ppmajal.search.SearchEngine.gbfs(SearchEngine.java:628)
	at planners.ENHSP.search(ENHSP.java:540)
	at planners.ENHSP.planning(ENHSP.java:179)
	at main.main(main.java:31)
Exception in thread "main" java.lang.OutOfMemoryError: Java heap space
	at it.unimi.dsi.fastutil.objects.Object2FloatLinkedOpenHashMap.rehash(Object2FloatLinkedOpenHashMap.java:1799)
	at it.unimi.dsi.fastutil.objects.Object2FloatLinkedOpenHashMap.insert(Object2FloatLinkedOpenHashMap.java:337)
	at it.unimi.dsi.fastutil.objects.Object2FloatLinkedOpenHashMap.put(Object2FloatLinkedOpenHashMap.java:345)
	at com.hstairs.ppmajal.search.SearchEngine.setGValue(SearchEngine.java:142)
	at com.hstairs.ppmajal.search.SearchEngine.queueSuccessor(SearchEngine.java:128)
	at com.hstairs.ppmajal.search.SearchEngine.WAStar(SearchEngine.java:567)
	at com.hstairs.ppmajal.search.SearchEngine.WAStar(SearchEngine.java:596)
	at com.hstairs.ppmajal.search.SearchEngine.WAStar(SearchEngine.java:592)
	at com.hstairs.ppmajal.search.SearchEngine.gbfs(SearchEngine.java:628)
	at planners.ENHSP.search(ENHSP.java:540)
	at planners.ENHSP.planning(ENHSP.java:179)
	at main.main(main.java:31)
Exception in thread "main" java.lang.OutOfMemoryError: Java heap space
	at it.unimi.dsi.fastutil.objects.ObjectArrays.newArray(ObjectArrays.java:113)
	at it.unimi.dsi.fastutil.objects.ObjectArrays.grow(ObjectArrays.java:217)
	at it.unimi.dsi.fastutil.objects.ObjectArrays.grow(ObjectArrays.java:190)
	at it.unimi.dsi.fastutil.objects.ObjectHeapPriorityQueue.enqueue(ObjectHeapPriorityQueue.java:181)
	at com.hstairs.ppmajal.search.SearchEngine.addInFrontier(SearchEngine.java:166)
	at com.hstairs.ppmajal.search.SearchEngine.queueSuccessor(SearchEngine.java:127)
	at com.hstairs.ppmajal.search.SearchEngine.WAStar(SearchEngine.java:567)
	at com.hstairs.ppmajal.search.SearchEngine.WAStar(SearchEngine.java:596)
	at com.hstairs.ppmajal.search.SearchEngine.WAStar(SearchEngine.java:592)
	at com.hstairs.ppmajal.search.SearchEngine.gbfs(SearchEngine.java:628)
	at planners.ENHSP.search(ENHSP.java:540)
	at planners.ENHSP.planning(ENHSP.java:179)
	at main.main(main.java:31)
Exception in thread "main" java.lang.OutOfMemoryError: Java heap space
	at com.carrotsearch.hppc.DoubleArrayList.clone(DoubleArrayList.java:435)
	at com.hstairs.ppmajal.problem.PDDLState.<init>(PDDLState.java:46)
	at com.hstairs.ppmajal.problem.PDDLState.clone(PDDLState.java:113)
	at com.hstairs.ppmajal.problem.PDDLState.clone(PDDLState.java:36)
	at com.hstairs.ppmajal.problem.PDDLProblem$stateIterator.hasNext(PDDLProblem.java:1456)
	at com.hstairs.ppmajal.search.SearchEngine.WAStar(SearchEngine.java:555)
	at com.hstairs.ppmajal.search.SearchEngine.WAStar(SearchEngine.java:596)
	at com.hstairs.ppmajal.search.SearchEngine.WAStar(SearchEngine.java:592)
	at com.hstairs.ppmajal.search.SearchEngine.gbfs(SearchEngine.java:628)
	at planners.ENHSP.search(ENHSP.java:540)
	at planners.ENHSP.planning(ENHSP.java:179)
	at main.main(main.java:31)
Exception in thread "main" java.lang.OutOfMemoryError: Java heap space
	at com.carrotsearch.hppc.DoubleArrayList.clone(DoubleArrayList.java:435)
	at com.hstairs.ppmajal.problem.PDDLState.<init>(PDDLState.java:46)
	at com.hstairs.ppmajal.problem.PDDLState.clone(PDDLState.java:113)
	at com.hstairs.ppmajal.problem.PDDLState.clone(PDDLState.java:36)
	at com.hstairs.ppmajal.problem.PDDLProblem$stateIterator.hasNext(PDDLProblem.java:1456)
	at com.hstairs.ppmajal.search.SearchEngine.WAStar(SearchEngine.java:555)
	at com.hstairs.ppmajal.search.SearchEngine.WAStar(SearchEngine.java:596)
	at com.hstairs.ppmajal.search.SearchEngine.WAStar(SearchEngine.java:592)
	at com.hstairs.ppmajal.search.SearchEngine.gbfs(SearchEngine.java:628)
	at planners.ENHSP.search(ENHSP.java:540)
	at planners.ENHSP.planning(ENHSP.java:179)
	at main.main(main.java:31)
Exception in thread "main" java.lang.OutOfMemoryError: Java heap space
	at com.carrotsearch.hppc.DoubleArrayList.clone(DoubleArrayList.java:435)
	at com.hstairs.ppmajal.problem.PDDLState.<init>(PDDLState.java:46)
	at com.hstairs.ppmajal.problem.PDDLState.clone(PDDLState.java:113)
	at com.hstairs.ppmajal.problem.PDDLState.clone(PDDLState.java:36)
	at com.hstairs.ppmajal.problem.PDDLProblem$stateIterator.hasNext(PDDLProblem.java:1456)
	at com.hstairs.ppmajal.search.SearchEngine.WAStar(SearchEngine.java:555)
	at com.hstairs.ppmajal.search.SearchEngine.WAStar(SearchEngine.java:596)
	at com.hstairs.ppmajal.search.SearchEngine.WAStar(SearchEngine.java:592)
	at com.hstairs.ppmajal.search.SearchEngine.gbfs(SearchEngine.java:628)
	at planners.ENHSP.search(ENHSP.java:540)
	at planners.ENHSP.planning(ENHSP.java:179)
	at main.main(main.java:31)
Exception in thread "main" java.lang.OutOfMemoryError: Java heap space
	at com.carrotsearch.hppc.DoubleArrayList.clone(DoubleArrayList.java:435)
	at com.hstairs.ppmajal.problem.PDDLState.<init>(PDDLState.java:46)
	at com.hstairs.ppmajal.problem.PDDLState.clone(PDDLState.java:113)
	at com.hstairs.ppmajal.problem.PDDLState.clone(PDDLState.java:36)
	at com.hstairs.ppmajal.problem.PDDLProblem$stateIterator.hasNext(PDDLProblem.java:1456)
	at com.hstairs.ppmajal.search.SearchEngine.WAStar(SearchEngine.java:555)
	at com.hstairs.ppmajal.search.SearchEngine.WAStar(SearchEngine.java:596)
	at com.hstairs.ppmajal.search.SearchEngine.WAStar(SearchEngine.java:592)
	at com.hstairs.ppmajal.search.SearchEngine.gbfs(SearchEngine.java:628)
	at planners.ENHSP.search(ENHSP.java:540)
	at planners.ENHSP.planning(ENHSP.java:179)
	at main.main(main.java:31)
Exception in thread "main" java.lang.OutOfMemoryError: Java heap space
	at com.hstairs.ppmajal.search.SearchEngine.queueSuccessor(SearchEngine.java:119)
	at com.hstairs.ppmajal.search.SearchEngine.WAStar(SearchEngine.java:567)
	at com.hstairs.ppmajal.search.SearchEngine.WAStar(SearchEngine.java:596)
	at com.hstairs.ppmajal.search.SearchEngine.WAStar(SearchEngine.java:592)
	at com.hstairs.ppmajal.search.SearchEngine.gbfs(SearchEngine.java:628)
	at planners.ENHSP.search(ENHSP.java:540)
	at planners.ENHSP.planning(ENHSP.java:179)
	at main.main(main.java:31)
Exception in thread "main" java.lang.OutOfMemoryError: Java heap space
	at com.hstairs.ppmajal.search.SearchEngine.queueSuccessor(SearchEngine.java:119)
	at com.hstairs.ppmajal.search.SearchEngine.WAStar(SearchEngine.java:567)
	at com.hstairs.ppmajal.search.SearchEngine.WAStar(SearchEngine.java:596)
	at com.hstairs.ppmajal.search.SearchEngine.WAStar(SearchEngine.java:592)
	at com.hstairs.ppmajal.search.SearchEngine.gbfs(SearchEngine.java:628)
	at planners.ENHSP.search(ENHSP.java:540)
	at planners.ENHSP.planning(ENHSP.java:179)
	at main.main(main.java:31)
Exception in thread "main" java.lang.OutOfMemoryError: Java heap space
	at java.base/java.util.BitSet.clone(BitSet.java:1102)
	at com.hstairs.ppmajal.problem.PDDLState.<init>(PDDLState.java:47)
	at com.hstairs.ppmajal.problem.PDDLState.clone(PDDLState.java:113)
	at com.hstairs.ppmajal.problem.PDDLState.clone(PDDLState.java:36)
	at com.hstairs.ppmajal.problem.PDDLProblem$stateIterator.hasNext(PDDLProblem.java:1456)
	at com.hstairs.ppmajal.search.SearchEngine.WAStar(SearchEngine.java:555)
	at com.hstairs.ppmajal.search.SearchEngine.WAStar(SearchEngine.java:596)
	at com.hstairs.ppmajal.search.SearchEngine.WAStar(SearchEngine.java:592)
	at com.hstairs.ppmajal.search.SearchEngine.gbfs(SearchEngine.java:628)
	at planners.ENHSP.search(ENHSP.java:540)
	at planners.ENHSP.planning(ENHSP.java:179)
	at main.main(main.java:31)
Exception in thread "main" java.lang.OutOfMemoryError: Java heap space
	at com.carrotsearch.hppc.DoubleArrayList.clone(DoubleArrayList.java:435)
	at com.hstairs.ppmajal.problem.PDDLState.<init>(PDDLState.java:46)
	at com.hstairs.ppmajal.problem.PDDLState.clone(PDDLState.java:113)
	at com.hstairs.ppmajal.problem.PDDLState.clone(PDDLState.java:36)
	at com.hstairs.ppmajal.problem.PDDLProblem$stateIterator.hasNext(PDDLProblem.java:1456)
	at com.hstairs.ppmajal.search.SearchEngine.WAStar(SearchEngine.java:555)
	at com.hstairs.ppmajal.search.SearchEngine.WAStar(SearchEngine.java:596)
	at com.hstairs.ppmajal.search.SearchEngine.WAStar(SearchEngine.java:592)
	at com.hstairs.ppmajal.search.SearchEngine.gbfs(SearchEngine.java:628)
	at planners.ENHSP.search(ENHSP.java:540)
	at planners.ENHSP.planning(ENHSP.java:179)
	at main.main(main.java:31)
