Exception in thread "main" java.lang.OutOfMemoryError: Java heap space
	at com.carrotsearch.hppc.DoubleArrayList.clone(DoubleArrayList.java:434)
	at com.hstairs.ppmajal.problem.PDDLState.<init>(PDDLState.java:46)
	at com.hstairs.ppmajal.problem.PDDLState.clone(PDDLState.java:113)
	at com.hstairs.ppmajal.problem.PDDLState.clone(PDDLState.java:36)
	at com.hstairs.ppmajal.problem.PDDLProblem$stateIterator.hasNext(PDDLProblem.java:1456)
	at com.hstairs.ppmajal.search.SearchEngine.WAStar(SearchEngine.java:555)
	at com.hstairs.ppmajal.search.SearchEngine.WAStar(SearchEngine.java:596)
	at com.hstairs.ppmajal.search.SearchEngine.WAStar(SearchEngine.java:592)
	at com.hstairs.ppmajal.search.SearchEngine.gbfs(SearchEngine.java:628)
	at planners.ENHSP.search(ENHSP.java:540)
	at planners.ENHSP.planning(ENHSP.java:179)
	at main.main(main.java:31)
Exception in thread "main" java.lang.OutOfMemoryError: Java heap space
	at com.carrotsearch.hppc.DoubleArrayList.clone(DoubleArrayList.java:434)
	at com.hstairs.ppmajal.problem.PDDLState.<init>(PDDLState.java:46)
	at com.hstairs.ppmajal.problem.PDDLState.clone(PDDLState.java:113)
	at com.hstairs.ppmajal.problem.PDDLState.clone(PDDLState.java:36)
	at com.hstairs.ppmajal.problem.PDDLProblem$stateIterator.hasNext(PDDLProblem.java:1456)
	at com.hstairs.ppmajal.search.SearchEngine.WAStar(SearchEngine.java:555)
	at com.hstairs.ppmajal.search.SearchEngine.WAStar(SearchEngine.java:596)
	at com.hstairs.ppmajal.search.SearchEngine.WAStar(SearchEngine.java:592)
	at com.hstairs.ppmajal.search.SearchEngine.gbfs(SearchEngine.java:628)
	at planners.ENHSP.search(ENHSP.java:540)
	at planners.ENHSP.planning(ENHSP.java:179)
	at main.main(main.java:31)
Exception in thread "main" java.lang.OutOfMemoryError: Java heap space
	at com.carrotsearch.hppc.DoubleArrayList.clone(DoubleArrayList.java:435)
	at com.hstairs.ppmajal.problem.PDDLState.<init>(PDDLState.java:46)
	at com.hstairs.ppmajal.problem.PDDLState.clone(PDDLState.java:113)
	at com.hstairs.ppmajal.problem.PDDLState.clone(PDDLState.java:36)
	at com.hstairs.ppmajal.problem.PDDLProblem$stateIterator.hasNext(PDDLProblem.java:1456)
	at com.hstairs.ppmajal.search.SearchEngine.WAStar(SearchEngine.java:555)
	at com.hstairs.ppmajal.search.SearchEngine.WAStar(SearchEngine.java:596)
	at com.hstairs.ppmajal.search.SearchEngine.WAStar(SearchEngine.java:592)
	at com.hstairs.ppmajal.search.SearchEngine.gbfs(SearchEngine.java:628)
	at planners.ENHSP.search(ENHSP.java:540)
	at planners.ENHSP.planning(ENHSP.java:179)
	at main.main(main.java:31)
Exception in thread "main" java.lang.OutOfMemoryError: Java heap space
	at com.carrotsearch.hppc.DoubleArrayList.clone(DoubleArrayList.java:435)
	at com.hstairs.ppmajal.problem.PDDLState.<init>(PDDLState.java:46)
	at com.hstairs.ppmajal.problem.PDDLState.clone(PDDLState.java:113)
	at com.hstairs.ppmajal.problem.PDDLState.clone(PDDLState.java:36)
	at com.hstairs.ppmajal.problem.PDDLProblem$stateIterator.hasNext(PDDLProblem.java:1456)
	at com.hstairs.ppmajal.search.SearchEngine.WAStar(SearchEngine.java:555)
	at com.hstairs.ppmajal.search.SearchEngine.WAStar(SearchEngine.java:596)
	at com.hstairs.ppmajal.search.SearchEngine.WAStar(SearchEngine.java:592)
	at com.hstairs.ppmajal.search.SearchEngine.gbfs(SearchEngine.java:628)
	at planners.ENHSP.search(ENHSP.java:540)
	at planners.ENHSP.planning(ENHSP.java:179)
	at main.main(main.java:31)
Exception in thread "main" java.lang.OutOfMemoryError: Java heap space
	at com.carrotsearch.hppc.DoubleArrayList.clone(DoubleArrayList.java:435)
	at com.hstairs.ppmajal.problem.PDDLState.<init>(PDDLState.java:46)
	at com.hstairs.ppmajal.problem.PDDLState.clone(PDDLState.java:113)
	at com.hstairs.ppmajal.problem.PDDLState.clone(PDDLState.java:36)
	at com.hstairs.ppmajal.problem.PDDLProblem$stateIterator.hasNext(PDDLProblem.java:1456)
	at com.hstairs.ppmajal.search.SearchEngine.WAStar(SearchEngine.java:555)
	at com.hstairs.ppmajal.search.SearchEngine.WAStar(SearchEngine.java:596)
	at com.hstairs.ppmajal.search.SearchEngine.WAStar(SearchEngine.java:592)
	at com.hstairs.ppmajal.search.SearchEngine.gbfs(SearchEngine.java:628)
	at planners.ENHSP.search(ENHSP.java:540)
	at planners.ENHSP.planning(ENHSP.java:179)
	at main.main(main.java:31)
Exception in thread "main" java.lang.OutOfMemoryError: Java heap space
	at com.carrotsearch.hppc.DoubleArrayList.clone(DoubleArrayList.java:435)
	at com.hstairs.ppmajal.problem.PDDLState.<init>(PDDLState.java:46)
	at com.hstairs.ppmajal.problem.PDDLState.clone(PDDLState.java:113)
	at com.hstairs.ppmajal.problem.PDDLState.clone(PDDLState.java:36)
	at com.hstairs.ppmajal.problem.PDDLProblem$stateIterator.hasNext(PDDLProblem.java:1456)
	at com.hstairs.ppmajal.search.SearchEngine.WAStar(SearchEngine.java:555)
	at com.hstairs.ppmajal.search.SearchEngine.WAStar(SearchEngine.java:596)
	at com.hstairs.ppmajal.search.SearchEngine.WAStar(SearchEngine.java:592)
	at com.hstairs.ppmajal.search.SearchEngine.gbfs(SearchEngine.java:628)
	at planners.ENHSP.search(ENHSP.java:540)
	at planners.ENHSP.planning(ENHSP.java:179)
	at main.main(main.java:31)
Exception in thread "main" java.lang.OutOfMemoryError: Java heap space
	at com.carrotsearch.hppc.DoubleArrayList.clone(DoubleArrayList.java:435)
	at com.hstairs.ppmajal.problem.PDDLState.<init>(PDDLState.java:46)
	at com.hstairs.ppmajal.problem.PDDLState.clone(PDDLState.java:113)
	at com.hstairs.ppmajal.problem.PDDLState.clone(PDDLState.java:36)
	at com.hstairs.ppmajal.problem.PDDLProblem$stateIterator.hasNext(PDDLProblem.java:1456)
	at com.hstairs.ppmajal.search.SearchEngine.WAStar(SearchEngine.java:555)
	at com.hstairs.ppmajal.search.SearchEngine.WAStar(SearchEngine.java:596)
	at com.hstairs.ppmajal.search.SearchEngine.WAStar(SearchEngine.java:592)
	at com.hstairs.ppmajal.search.SearchEngine.gbfs(SearchEngine.java:628)
	at planners.ENHSP.search(ENHSP.java:540)
	at planners.ENHSP.planning(ENHSP.java:179)
	at main.main(main.java:31)
Exception in thread "main" java.lang.OutOfMemoryError: Java heap space
	at com.carrotsearch.hppc.DoubleArrayList.clone(DoubleArrayList.java:435)
	at com.hstairs.ppmajal.problem.PDDLState.<init>(PDDLState.java:46)
	at com.hstairs.ppmajal.problem.PDDLState.clone(PDDLState.java:113)
	at com.hstairs.ppmajal.problem.PDDLState.clone(PDDLState.java:36)
	at com.hstairs.ppmajal.problem.PDDLProblem$stateIterator.hasNext(PDDLProblem.java:1456)
	at com.hstairs.ppmajal.search.SearchEngine.WAStar(SearchEngine.java:555)
	at com.hstairs.ppmajal.search.SearchEngine.WAStar(SearchEngine.java:596)
	at com.hstairs.ppmajal.search.SearchEngine.WAStar(SearchEngine.java:592)
	at com.hstairs.ppmajal.search.SearchEngine.gbfs(SearchEngine.java:628)
	at planners.ENHSP.search(ENHSP.java:540)
	at planners.ENHSP.planning(ENHSP.java:179)
	at main.main(main.java:31)
Exception in thread "main" java.lang.OutOfMemoryError: Java heap space
	at com.hstairs.ppmajal.problem.PDDLState.clone(PDDLState.java:113)
	at com.hstairs.ppmajal.problem.PDDLState.clone(PDDLState.java:36)
	at com.hstairs.ppmajal.problem.PDDLProblem$stateIterator.hasNext(PDDLProblem.java:1456)
	at com.hstairs.ppmajal.search.SearchEngine.WAStar(SearchEngine.java:555)
	at com.hstairs.ppmajal.search.SearchEngine.WAStar(SearchEngine.java:596)
	at com.hstairs.ppmajal.search.SearchEngine.WAStar(SearchEngine.java:592)
	at com.hstairs.ppmajal.search.SearchEngine.gbfs(SearchEngine.java:628)
	at planners.ENHSP.search(ENHSP.java:540)
	at planners.ENHSP.planning(ENHSP.java:179)
	at main.main(main.java:31)
Exception in thread "main" java.lang.OutOfMemoryError: Java heap space
	at com.carrotsearch.hppc.DoubleArrayList.clone(DoubleArrayList.java:435)
	at com.hstairs.ppmajal.problem.PDDLState.<init>(PDDLState.java:46)
	at com.hstairs.ppmajal.problem.PDDLState.clone(PDDLState.java:113)
	at com.hstairs.ppmajal.problem.PDDLState.clone(PDDLState.java:36)
	at com.hstairs.ppmajal.problem.PDDLProblem$stateIterator.hasNext(PDDLProblem.java:1456)
	at com.hstairs.ppmajal.search.SearchEngine.WAStar(SearchEngine.java:555)
	at com.hstairs.ppmajal.search.SearchEngine.WAStar(SearchEngine.java:596)
	at com.hstairs.ppmajal.search.SearchEngine.WAStar(SearchEngine.java:592)
	at com.hstairs.ppmajal.search.SearchEngine.gbfs(SearchEngine.java:628)
	at planners.ENHSP.search(ENHSP.java:540)
	at planners.ENHSP.planning(ENHSP.java:179)
	at main.main(main.java:31)
Exception in thread "main" java.lang.OutOfMemoryError: Java heap space
	at com.hstairs.ppmajal.search.SearchEngine.queueSuccessor(SearchEngine.java:119)
	at com.hstairs.ppmajal.search.SearchEngine.WAStar(SearchEngine.java:567)
	at com.hstairs.ppmajal.search.SearchEngine.WAStar(SearchEngine.java:596)
	at com.hstairs.ppmajal.search.SearchEngine.WAStar(SearchEngine.java:592)
	at com.hstairs.ppmajal.search.SearchEngine.gbfs(SearchEngine.java:628)
	at planners.ENHSP.search(ENHSP.java:540)
	at planners.ENHSP.planning(ENHSP.java:179)
	at main.main(main.java:31)
Exception in thread "main" java.lang.OutOfMemoryError: Java heap space
	at com.carrotsearch.hppc.DoubleArrayList.clone(DoubleArrayList.java:435)
	at com.hstairs.ppmajal.problem.PDDLState.<init>(PDDLState.java:46)
	at com.hstairs.ppmajal.problem.PDDLState.clone(PDDLState.java:113)
	at com.hstairs.ppmajal.problem.PDDLState.clone(PDDLState.java:36)
	at com.hstairs.ppmajal.problem.PDDLProblem$stateIterator.hasNext(PDDLProblem.java:1456)
	at com.hstairs.ppmajal.search.SearchEngine.WAStar(SearchEngine.java:555)
	at com.hstairs.ppmajal.search.SearchEngine.WAStar(SearchEngine.java:596)
	at com.hstairs.ppmajal.search.SearchEngine.WAStar(SearchEngine.java:592)
	at com.hstairs.ppmajal.search.SearchEngine.gbfs(SearchEngine.java:628)
	at planners.ENHSP.search(ENHSP.java:540)
	at planners.ENHSP.planning(ENHSP.java:179)
	at main.main(main.java:31)
Exception in thread "main" java.lang.OutOfMemoryError: Java heap space
	at com.carrotsearch.hppc.DoubleArrayList.clone(DoubleArrayList.java:435)
	at com.hstairs.ppmajal.problem.PDDLState.<init>(PDDLState.java:46)
	at com.hstairs.ppmajal.problem.PDDLState.clone(PDDLState.java:113)
	at com.hstairs.ppmajal.problem.PDDLState.clone(PDDLState.java:36)
	at com.hstairs.ppmajal.problem.PDDLProblem$stateIterator.hasNext(PDDLProblem.java:1456)
	at com.hstairs.ppmajal.search.SearchEngine.WAStar(SearchEngine.java:555)
	at com.hstairs.ppmajal.search.SearchEngine.WAStar(SearchEngine.java:596)
	at com.hstairs.ppmajal.search.SearchEngine.WAStar(SearchEngine.java:592)
	at com.hstairs.ppmajal.search.SearchEngine.gbfs(SearchEngine.java:628)
	at planners.ENHSP.search(ENHSP.java:540)
	at planners.ENHSP.planning(ENHSP.java:179)
	at main.main(main.java:31)
Exception in thread "main" java.lang.OutOfMemoryError: Java heap space
	at com.hstairs.ppmajal.problem.PDDLState.clone(PDDLState.java:113)
	at com.hstairs.ppmajal.problem.PDDLState.clone(PDDLState.java:36)
	at com.hstairs.ppmajal.problem.PDDLProblem$stateIterator.hasNext(PDDLProblem.java:1456)
	at com.hstairs.ppmajal.search.SearchEngine.WAStar(SearchEngine.java:555)
	at com.hstairs.ppmajal.search.SearchEngine.WAStar(SearchEngine.java:596)
	at com.hstairs.ppmajal.search.SearchEngine.WAStar(SearchEngine.java:592)
	at com.hstairs.ppmajal.search.SearchEngine.gbfs(SearchEngine.java:628)
	at planners.ENHSP.search(ENHSP.java:540)
	at planners.ENHSP.planning(ENHSP.java:179)
	at main.main(main.java:31)
